<?xml version="1.0"?><coverage lines-covered="42" lines-valid="42" line-rate="1" branches-covered="0" branches-valid="0" branch-rate="0" complexity="0" version="1.9" timestamp="1686681554"><sources><source>/home/rjunior/rust_projects/my_rust_exercises/my_project</source></sources><packages><package name="src" line-rate="1" branch-rate="0" complexity="0"><classes><class name="lib" filename="src/lib.rs" line-rate="1" branch-rate="0" complexity="0"><methods/><lines><line number="8" hits="1"/><line number="9" hits="1"/><line number="13" hits="1"/><line number="14" hits="1"/><line number="16" hits="8"/><line number="17" hits="1"/><line number="20" hits="1"/><line number="23" hits="1"/><line number="24" hits="1"/><line number="25" hits="2"/><line number="26" hits="1"/><line number="27" hits="1"/><line number="31" hits="1"/><line number="32" hits="1"/><line number="34" hits="4"/><line number="35" hits="1"/><line number="38" hits="1"/><line number="41" hits="2"/><line number="42" hits="2"/><line number="43" hits="2"/><line number="44" hits="1"/><line number="45" hits="1"/><line number="49" hits="2"/><line number="50" hits="2"/><line number="51" hits="1"/><line number="54" hits="1"/><line number="58" hits="2"/><line number="59" hits="2"/><line number="63" hits="1"/><line number="64" hits="1"/><line number="68" hits="2"/><line number="69" hits="2"/><line number="70" hits="2"/><line number="71" hits="1"/><line number="72" hits="1"/><line number="76" hits="1"/><line number="77" hits="1"/><line number="78" hits="2"/><line number="79" hits="1"/><line number="80" hits="1"/><line number="84" hits="1"/><line number="85" hits="1"/></lines></class></classes></package><package name="tests" line-rate="0" branch-rate="0" complexity="0"><classes></classes></package></packages></coverage>